<?xml version="1.0" encoding="UTF-8"?>
<robot generator="Robot 3.0.4 (Python 3.7.6 on win32)" generated="20210412 17:46:18.798">
<suite id="s1" name="Front Office" source="C:\CS\SE\TestingProjects\robot-scripts\front-office-3\Tests\Front_Office.robot">
<test id="s1-t1" name="Should be able to access &quot;Team&quot; page">
<kw name="Begin Web Test" library="CommonWeb" type="setup">
<kw name="Open Browser" library="SeleniumLibrary">
<doc>Opens a new browser instance to the optional ``url``.</doc>
<arguments>
<arg>about:blank</arg>
<arg>${BROWSER}</arg>
</arguments>
<msg timestamp="20210412 17:46:19.179" level="INFO">Opening browser 'chrome' to base url 'about:blank'.</msg>
<status status="PASS" starttime="20210412 17:46:19.179" endtime="20210412 17:46:20.693"></status>
</kw>
<status status="PASS" starttime="20210412 17:46:19.178" endtime="20210412 17:46:20.694"></status>
</kw>
<kw name="Go to Landing Page" library="FrontOfficeApp">
<kw name="Navigate To" library="Landing">
<kw name="Go To" library="SeleniumLibrary">
<doc>Navigates the current browser window to the provided ``url``.</doc>
<arguments>
<arg>${URL}</arg>
</arguments>
<msg timestamp="20210412 17:46:20.696" level="INFO">Opening url 'http://www.robotframeworktutorial.com/front-office'</msg>
<status status="PASS" starttime="20210412 17:46:20.695" endtime="20210412 17:46:23.527"></status>
</kw>
<status status="PASS" starttime="20210412 17:46:20.695" endtime="20210412 17:46:23.529"></status>
</kw>
<kw name="Verify Page Loaded" library="Landing">
<kw name="Wait Until Page Contains Element" library="SeleniumLibrary">
<doc>Waits until the element ``locator`` appears on the current page.</doc>
<arguments>
<arg>${LANDING_NAVIGATION_ELEMENT}</arg>
</arguments>
<status status="PASS" starttime="20210412 17:46:23.531" endtime="20210412 17:46:23.550"></status>
</kw>
<status status="PASS" starttime="20210412 17:46:23.530" endtime="20210412 17:46:23.550"></status>
</kw>
<status status="PASS" starttime="20210412 17:46:20.694" endtime="20210412 17:46:23.550"></status>
</kw>
<kw name="Go to &quot;Team&quot; Page" library="FrontOfficeApp">
<kw name="Select &quot;Team&quot; Page" library="TopNav">
<kw name="Click Element" library="SeleniumLibrary">
<doc>Click the element identified by ``locator``.</doc>
<arguments>
<arg>${TOP_NAV_TEAM_LINK}</arg>
</arguments>
<msg timestamp="20210412 17:46:23.551" level="INFO">Clicking element 'css=#bs-example-navbar-collapse-1 &gt; ul &gt; li:nth-child(5) &gt; a'.</msg>
<status status="PASS" starttime="20210412 17:46:23.551" endtime="20210412 17:46:23.633"></status>
</kw>
<kw name="Sleep" library="BuiltIn">
<doc>Pauses the test executed for the given time.</doc>
<arguments>
<arg>3s</arg>
</arguments>
<msg timestamp="20210412 17:46:26.634" level="INFO">Slept 3 seconds</msg>
<status status="PASS" starttime="20210412 17:46:23.633" endtime="20210412 17:46:26.634"></status>
</kw>
<status status="PASS" starttime="20210412 17:46:23.551" endtime="20210412 17:46:26.634"></status>
</kw>
<kw name="Verify Page Loaded" library="Team">
<kw name="Wait Until Page Contains Element" library="SeleniumLibrary">
<doc>Waits until the element ``locator`` appears on the current page.</doc>
<arguments>
<arg>${TEAM_HEADER_LABEL}</arg>
</arguments>
<status status="PASS" starttime="20210412 17:46:26.635" endtime="20210412 17:46:26.653"></status>
</kw>
<status status="PASS" starttime="20210412 17:46:26.635" endtime="20210412 17:46:26.653"></status>
</kw>
<status status="PASS" starttime="20210412 17:46:23.550" endtime="20210412 17:46:26.654"></status>
</kw>
<kw name="End Web Test" library="CommonWeb" type="teardown">
<kw name="Close All Browsers" library="SeleniumLibrary">
<doc>Closes all open browsers and resets the browser cache.</doc>
<status status="PASS" starttime="20210412 17:46:26.654" endtime="20210412 17:46:28.938"></status>
</kw>
<status status="PASS" starttime="20210412 17:46:26.654" endtime="20210412 17:46:28.938"></status>
</kw>
<doc>This is test 1</doc>
<tags>
<tag>test1</tag>
</tags>
<status status="PASS" starttime="20210412 17:46:19.178" endtime="20210412 17:46:28.938" critical="yes"></status>
</test>
<test id="s1-t2" name="&quot;Team&quot; page should match requirements">
<kw name="Begin Web Test" library="CommonWeb" type="setup">
<kw name="Open Browser" library="SeleniumLibrary">
<doc>Opens a new browser instance to the optional ``url``.</doc>
<arguments>
<arg>about:blank</arg>
<arg>${BROWSER}</arg>
</arguments>
<msg timestamp="20210412 17:46:28.941" level="INFO">Opening browser 'chrome' to base url 'about:blank'.</msg>
<status status="PASS" starttime="20210412 17:46:28.941" endtime="20210412 17:46:30.732"></status>
</kw>
<status status="PASS" starttime="20210412 17:46:28.940" endtime="20210412 17:46:30.733"></status>
</kw>
<kw name="Go to Landing Page" library="FrontOfficeApp">
<kw name="Navigate To" library="Landing">
<kw name="Go To" library="SeleniumLibrary">
<doc>Navigates the current browser window to the provided ``url``.</doc>
<arguments>
<arg>${URL}</arg>
</arguments>
<msg timestamp="20210412 17:46:30.742" level="INFO">Opening url 'http://www.robotframeworktutorial.com/front-office'</msg>
<status status="PASS" starttime="20210412 17:46:30.742" endtime="20210412 17:46:33.102"></status>
</kw>
<status status="PASS" starttime="20210412 17:46:30.741" endtime="20210412 17:46:33.103"></status>
</kw>
<kw name="Verify Page Loaded" library="Landing">
<kw name="Wait Until Page Contains Element" library="SeleniumLibrary">
<doc>Waits until the element ``locator`` appears on the current page.</doc>
<arguments>
<arg>${LANDING_NAVIGATION_ELEMENT}</arg>
</arguments>
<status status="PASS" starttime="20210412 17:46:33.104" endtime="20210412 17:46:33.132"></status>
</kw>
<status status="PASS" starttime="20210412 17:46:33.103" endtime="20210412 17:46:33.133"></status>
</kw>
<status status="PASS" starttime="20210412 17:46:30.740" endtime="20210412 17:46:33.133"></status>
</kw>
<kw name="Go to &quot;Team&quot; Page" library="FrontOfficeApp">
<kw name="Select &quot;Team&quot; Page" library="TopNav">
<kw name="Click Element" library="SeleniumLibrary">
<doc>Click the element identified by ``locator``.</doc>
<arguments>
<arg>${TOP_NAV_TEAM_LINK}</arg>
</arguments>
<msg timestamp="20210412 17:46:33.135" level="INFO">Clicking element 'css=#bs-example-navbar-collapse-1 &gt; ul &gt; li:nth-child(5) &gt; a'.</msg>
<status status="PASS" starttime="20210412 17:46:33.135" endtime="20210412 17:46:33.223"></status>
</kw>
<kw name="Sleep" library="BuiltIn">
<doc>Pauses the test executed for the given time.</doc>
<arguments>
<arg>3s</arg>
</arguments>
<msg timestamp="20210412 17:46:36.224" level="INFO">Slept 3 seconds</msg>
<status status="PASS" starttime="20210412 17:46:33.223" endtime="20210412 17:46:36.224"></status>
</kw>
<status status="PASS" starttime="20210412 17:46:33.134" endtime="20210412 17:46:36.224"></status>
</kw>
<kw name="Verify Page Loaded" library="Team">
<kw name="Wait Until Page Contains Element" library="SeleniumLibrary">
<doc>Waits until the element ``locator`` appears on the current page.</doc>
<arguments>
<arg>${TEAM_HEADER_LABEL}</arg>
</arguments>
<status status="PASS" starttime="20210412 17:46:36.224" endtime="20210412 17:46:36.244"></status>
</kw>
<status status="PASS" starttime="20210412 17:46:36.224" endtime="20210412 17:46:36.244"></status>
</kw>
<status status="PASS" starttime="20210412 17:46:33.133" endtime="20210412 17:46:36.244"></status>
</kw>
<kw name="Validate &quot;Team&quot; Page" library="FrontOfficeApp">
<kw name="Validate Page Contents" library="Team">
<kw name="Get Text" library="SeleniumLibrary">
<doc>Returns the text value of the element identified by ``locator``.</doc>
<arguments>
<arg>${TEAM_HEADER_LABEL}</arg>
</arguments>
<assign>
<var>${ElementText}</var>
</assign>
<msg timestamp="20210412 17:46:36.277" level="INFO">${ElementText} = OUR AMAZING TEAM</msg>
<status status="PASS" starttime="20210412 17:46:36.246" endtime="20210412 17:46:36.277"></status>
</kw>
<kw name="Should Be Equal As Strings" library="BuiltIn">
<doc>Fails if objects are unequal after converting them to strings.</doc>
<arguments>
<arg>${ElementText}</arg>
<arg>Our Amazing Team</arg>
<arg>ignore_case=true</arg>
</arguments>
<status status="PASS" starttime="20210412 17:46:36.277" endtime="20210412 17:46:36.277"></status>
</kw>
<status status="PASS" starttime="20210412 17:46:36.245" endtime="20210412 17:46:36.278"></status>
</kw>
<status status="PASS" starttime="20210412 17:46:36.245" endtime="20210412 17:46:36.278"></status>
</kw>
<kw name="End Web Test" library="CommonWeb" type="teardown">
<kw name="Close All Browsers" library="SeleniumLibrary">
<doc>Closes all open browsers and resets the browser cache.</doc>
<status status="PASS" starttime="20210412 17:46:36.278" endtime="20210412 17:46:38.630"></status>
</kw>
<status status="PASS" starttime="20210412 17:46:36.278" endtime="20210412 17:46:38.630"></status>
</kw>
<doc>This is test 2</doc>
<tags>
<tag>test2</tag>
</tags>
<status status="PASS" starttime="20210412 17:46:28.940" endtime="20210412 17:46:38.631" critical="yes"></status>
</test>
<doc>Talk about what this suite of tests does</doc>
<status status="PASS" starttime="20210412 17:46:18.801" endtime="20210412 17:46:38.632"></status>
</suite>
<statistics>
<total>
<stat pass="2" fail="0">Critical Tests</stat>
<stat pass="2" fail="0">All Tests</stat>
</total>
<tag>
<stat pass="1" fail="0">test1</stat>
<stat pass="1" fail="0">test2</stat>
</tag>
<suite>
<stat pass="2" fail="0" id="s1" name="Front Office">Front Office</stat>
</suite>
</statistics>
<errors>
</errors>
</robot>
